C:\Program Files (x86)\Microsoft Visual Studio\2017\Community\Common7\IDE\VC\VCTargets\Microsoft.CppBuild.targets(937,5): warning MSB8027: Two or more files with the name of GLee.c will produce outputs to the same location. This can lead to an incorrect build result.  The files involved are ..\GLee.c, ..\shared\GLee.c.
  main.cpp
d:\sultan's files\textures tutorial\main.cpp(117): warning C4244: 'argument': conversion from 'int' to 'GLfloat', possible loss of data
d:\sultan's files\textures tutorial\main.cpp(128): warning C4244: 'initializing': conversion from 'double' to 'int', possible loss of data
d:\sultan's files\textures tutorial\main.cpp(129): warning C4244: 'initializing': conversion from 'double' to 'int', possible loss of data
d:\sultan's files\textures tutorial\main.cpp(130): warning C4244: 'initializing': conversion from 'double' to 'int', possible loss of data
d:\sultan's files\textures tutorial\main.cpp(131): warning C4244: 'initializing': conversion from 'double' to 'int', possible loss of data
d:\sultan's files\textures tutorial\main.cpp(145): warning C4305: 'argument': truncation from 'double' to 'GLfloat'
d:\sultan's files\textures tutorial\main.cpp(192): warning C4305: 'argument': truncation from 'double' to 'GLfloat'
d:\sultan's files\textures tutorial\main.cpp(262): warning C4244: 'argument': conversion from 'int' to 'GLfloat', possible loss of data
d:\sultan's files\textures tutorial\main.cpp(265): warning C4305: '+=': truncation from 'double' to 'GLfloat'
d:\sultan's files\textures tutorial\main.cpp(274): warning C4244: 'argument': conversion from 'int' to 'GLfloat', possible loss of data
d:\sultan's files\textures tutorial\main.cpp(277): warning C4305: '+=': truncation from 'double' to 'GLfloat'
d:\sultan's files\textures tutorial\main.cpp(286): warning C4244: 'argument': conversion from 'int' to 'GLfloat', possible loss of data
d:\sultan's files\textures tutorial\main.cpp(289): warning C4305: '+=': truncation from 'double' to 'GLfloat'
d:\sultan's files\textures tutorial\main.cpp(299): warning C4244: 'argument': conversion from 'int' to 'GLfloat', possible loss of data
d:\sultan's files\textures tutorial\main.cpp(302): warning C4305: '+=': truncation from 'double' to 'GLfloat'
d:\sultan's files\textures tutorial\main.cpp(385): warning C4305: 'argument': truncation from 'double' to 'GLfloat'
d:\sultan's files\textures tutorial\main.cpp(407): warning C4305: 'argument': truncation from 'double' to 'GLfloat'
d:\sultan's files\textures tutorial\main.cpp(422): warning C4244: 'argument': conversion from 'int' to 'GLfloat', possible loss of data
d:\sultan's files\textures tutorial\main.cpp(444): warning C4244: 'argument': conversion from 'double' to 'int', possible loss of data
d:\sultan's files\textures tutorial\main.cpp(449): warning C4305: '+=': truncation from 'double' to 'GLfloat'
d:\sultan's files\textures tutorial\main.cpp(458): warning C4244: 'argument': conversion from 'double' to 'int', possible loss of data
d:\sultan's files\textures tutorial\main.cpp(511): warning C4244: '+=': conversion from 'double' to 'float', possible loss of data
d:\sultan's files\textures tutorial\main.cpp(512): warning C4244: '+=': conversion from 'double' to 'float', possible loss of data
d:\sultan's files\textures tutorial\main.cpp(519): warning C4244: '-=': conversion from 'double' to 'float', possible loss of data
d:\sultan's files\textures tutorial\main.cpp(520): warning C4244: '-=': conversion from 'double' to 'float', possible loss of data
d:\sultan's files\textures tutorial\main.cpp(643): warning C4244: 'initializing': conversion from 'double' to 'float', possible loss of data
GLee.obj : warning LNK4075: ignoring '/EDITANDCONTINUE' due to '/SAFESEH' specification
Debug\GLee.obj : warning LNK4042: object specified more than once; extras ignored
  3DExample1.vcxproj -> D:\Sultan's Files\Textures Tutorial\Debug\3DExample1.exe
